# JRE version: Java(TM) SE Runtime Environment (8.0_191-b12) (build 1.8.0_191-b12)
# Java VM: Java HotSpot(TM) 64-Bit Server VM (25.191-b12 mixed mode windows-amd64 compressed oops)
Heap:
 PSYoungGen      total 123392K, used 7128K [0x000000076b500000, 0x0000000774880000, 0x00000007c0000000)
  eden space 112640K, 6% used [0x000000076b500000,0x000000076bbf6108,0x0000000772300000)
  from space 10752K, 0% used [0x0000000773380000,0x0000000773380000,0x0000000773e00000)
  to   space 9216K, 0% used [0x0000000773f80000,0x0000000773f80000,0x0000000774880000)
 ParOldGen       total 122880K, used 15470K [0x00000006c1e00000, 0x00000006c9600000, 0x000000076b500000)
  object space 122880K, 12% used [0x00000006c1e00000,0x00000006c2d1b980,0x00000006c9600000)
 Metaspace       used 34854K, capacity 36584K, committed 36688K, reserved 1081344K
  class space    used 4471K, capacity 4782K, committed 4860K, reserved 1048576K
GC Heap History (10 events):
Event: 2.063 GC heap before
{Heap before GC invocations=3 (full 0):
 PSYoungGen      total 76288K, used 14556K [0x000000076b500000, 0x0000000774a00000, 0x00000007c0000000)
  eden space 65536K, 7% used [0x000000076b500000,0x000000076b9ce060,0x000000076f500000)
  from space 10752K, 89% used [0x000000076ff80000,0x00000007708e90d8,0x0000000770a00000)
  to   space 10752K, 0% used [0x000000076f500000,0x000000076f500000,0x000000076ff80000)
 ParOldGen       total 175104K, used 16K [0x00000006c1e00000, 0x00000006cc900000, 0x000000076b500000)
  object space 175104K, 0% used [0x00000006c1e00000,0x00000006c1e04000,0x00000006cc900000)
 Metaspace       used 20961K, capacity 21566K, committed 21628K, reserved 1069056K
  class space    used 2730K, capacity 2919K, committed 2940K, reserved 1048576K
Event: 2.068 GC heap after
Heap after GC invocations=3 (full 0):
 PSYoungGen      total 76288K, used 4897K [0x000000076b500000, 0x0000000774a00000, 0x00000007c0000000)
  eden space 65536K, 0% used [0x000000076b500000,0x000000076b500000,0x000000076f500000)
  from space 10752K, 45% used [0x000000076f500000,0x000000076f9c8578,0x000000076ff80000)
  to   space 10752K, 0% used [0x0000000773f80000,0x0000000773f80000,0x0000000774a00000)
 ParOldGen       total 175104K, used 24K [0x00000006c1e00000, 0x00000006cc900000, 0x000000076b500000)
  object space 175104K, 0% used [0x00000006c1e00000,0x00000006c1e06000,0x00000006cc900000)
 Metaspace       used 20961K, capacity 21566K, committed 21628K, reserved 1069056K
  class space    used 2730K, capacity 2919K, committed 2940K, reserved 1048576K
}
Event: 2.068 GC heap before
{Heap before GC invocations=4 (full 1):
 PSYoungGen      total 76288K, used 4897K [0x000000076b500000, 0x0000000774a00000, 0x00000007c0000000)
  eden space 65536K, 0% used [0x000000076b500000,0x000000076b500000,0x000000076f500000)
  from space 10752K, 45% used [0x000000076f500000,0x000000076f9c8578,0x000000076ff80000)
  to   space 10752K, 0% used [0x0000000773f80000,0x0000000773f80000,0x0000000774a00000)
 ParOldGen       total 175104K, used 24K [0x00000006c1e00000, 0x00000006cc900000, 0x000000076b500000)
  object space 175104K, 0% used [0x00000006c1e00000,0x00000006c1e06000,0x00000006cc900000)
 Metaspace       used 20961K, capacity 21566K, committed 21628K, reserved 1069056K
  class space    used 2730K, capacity 2919K, committed 2940K, reserved 1048576K
Event: 2.107 GC heap after
Heap after GC invocations=4 (full 1):
 PSYoungGen      total 76288K, used 0K [0x000000076b500000, 0x0000000774a00000, 0x00000007c0000000)
  eden space 65536K, 0% used [0x000000076b500000,0x000000076b500000,0x000000076f500000)
  from space 10752K, 0% used [0x000000076f500000,0x000000076f500000,0x000000076ff80000)
  to   space 10752K, 0% used [0x0000000773f80000,0x0000000773f80000,0x0000000774a00000)
 ParOldGen       total 87040K, used 4800K [0x00000006c1e00000, 0x00000006c7300000, 0x000000076b500000)
  object space 87040K, 5% used [0x00000006c1e00000,0x00000006c22b0130,0x00000006c7300000)
 Metaspace       used 20959K, capacity 21560K, committed 21628K, reserved 1069056K
  class space    used 2730K, capacity 2918K, committed 2940K, reserved 1048576K
}
Event: 4.412 GC heap before
{Heap before GC invocations=5 (full 1):
 PSYoungGen      total 76288K, used 65536K [0x000000076b500000, 0x0000000774a00000, 0x00000007c0000000)
  eden space 65536K, 100% used [0x000000076b500000,0x000000076f500000,0x000000076f500000)
  from space 10752K, 0% used [0x000000076f500000,0x000000076f500000,0x000000076ff80000)
  to   space 10752K, 0% used [0x0000000773f80000,0x0000000773f80000,0x0000000774a00000)
 ParOldGen       total 87040K, used 4800K [0x00000006c1e00000, 0x00000006c7300000, 0x000000076b500000)
  object space 87040K, 5% used [0x00000006c1e00000,0x00000006c22b0130,0x00000006c7300000)
 Metaspace       used 29467K, capacity 30728K, committed 30972K, reserved 1077248K
  class space    used 3800K, capacity 4062K, committed 4092K, reserved 1048576K
Event: 4.435 GC heap after
Heap after GC invocations=5 (full 1):
 PSYoungGen      total 121856K, used 9024K [0x000000076b500000, 0x0000000774880000, 0x00000007c0000000)
  eden space 112640K, 0% used [0x000000076b500000,0x000000076b500000,0x0000000772300000)
  from space 9216K, 97% used [0x0000000773f80000,0x0000000774850248,0x0000000774880000)
  to   space 10752K, 0% used [0x0000000773380000,0x0000000773380000,0x0000000773e00000)
 ParOldGen       total 87040K, used 4872K [0x00000006c1e00000, 0x00000006c7300000, 0x000000076b500000)
  object space 87040K, 5% used [0x00000006c1e00000,0x00000006c22c2140,0x00000006c7300000)
 Metaspace       used 29467K, capacity 30728K, committed 30972K, reserved 1077248K
  class space    used 3800K, capacity 4062K, committed 4092K, reserved 1048576K
}
Event: 10.893 GC heap before
{Heap before GC invocations=6 (full 1):
 PSYoungGen      total 121856K, used 68332K [0x000000076b500000, 0x0000000774880000, 0x00000007c0000000)
  eden space 112640K, 52% used [0x000000076b500000,0x000000076eeeb1a0,0x0000000772300000)
  from space 9216K, 97% used [0x0000000773f80000,0x0000000774850248,0x0000000774880000)
  to   space 10752K, 0% used [0x0000000773380000,0x0000000773380000,0x0000000773e00000)
 ParOldGen       total 87040K, used 4872K [0x00000006c1e00000, 0x00000006c7300000, 0x000000076b500000)
  object space 87040K, 5% used [0x00000006c1e00000,0x00000006c22c2140,0x00000006c7300000)
 Metaspace       used 34390K, capacity 36028K, committed 36048K, reserved 1081344K
  class space    used 4412K, capacity 4726K, committed 4732K, reserved 1048576K
Event: 10.908 GC heap after
Heap after GC invocations=6 (full 1):
 PSYoungGen      total 123392K, used 10751K [0x000000076b500000, 0x0000000774880000, 0x00000007c0000000)
  eden space 112640K, 0% used [0x000000076b500000,0x000000076b500000,0x0000000772300000)
  from space 10752K, 99% used [0x0000000773380000,0x0000000773dfff08,0x0000000773e00000)
  to   space 9216K, 0% used [0x0000000773f80000,0x0000000773f80000,0x0000000774880000)
 ParOldGen       total 87040K, used 5727K [0x00000006c1e00000, 0x00000006c7300000, 0x000000076b500000)
  object space 87040K, 6% used [0x00000006c1e00000,0x00000006c2397c60,0x00000006c7300000)
 Metaspace       used 34390K, capacity 36028K, committed 36048K, reserved 1081344K
  class space    used 4412K, capacity 4726K, committed 4732K, reserved 1048576K
}
Event: 10.908 GC heap before
{Heap before GC invocations=7 (full 2):
 PSYoungGen      total 123392K, used 10751K [0x000000076b500000, 0x0000000774880000, 0x00000007c0000000)
  eden space 112640K, 0% used [0x000000076b500000,0x000000076b500000,0x0000000772300000)
  from space 10752K, 99% used [0x0000000773380000,0x0000000773dfff08,0x0000000773e00000)
  to   space 9216K, 0% used [0x0000000773f80000,0x0000000773f80000,0x0000000774880000)
 ParOldGen       total 87040K, used 5727K [0x00000006c1e00000, 0x00000006c7300000, 0x000000076b500000)
  object space 87040K, 6% used [0x00000006c1e00000,0x00000006c2397c60,0x00000006c7300000)
 Metaspace       used 34390K, capacity 36028K, committed 36048K, reserved 1081344K
  class space    used 4412K, capacity 4726K, committed 4732K, reserved 1048576K
Event: 11.009 GC heap after
Heap after GC invocations=7 (full 2):
 PSYoungGen      total 123392K, used 0K [0x000000076b500000, 0x0000000774880000, 0x00000007c0000000)
  eden space 112640K, 0% used [0x000000076b500000,0x000000076b500000,0x0000000772300000)
  from space 10752K, 0% used [0x0000000773380000,0x0000000773380000,0x0000000773e00000)
  to   space 9216K, 0% used [0x0000000773f80000,0x0000000773f80000,0x0000000774880000)
 ParOldGen       total 122880K, used 15470K [0x00000006c1e00000, 0x00000006c9600000, 0x000000076b500000)
  object space 122880K, 12% used [0x00000006c1e00000,0x00000006c2d1b980,0x00000006c9600000)
 Metaspace       used 34390K, capacity 36028K, committed 36048K, reserved 1081344K
  class space    used 4412K, capacity 4726K, committed 4732K, reserved 1048576K
}

